2025/07/21 10:43:00 Запуск репрайсера Wildberries
2025/07/21 10:43:00 Отслеживается 17 товаров
2025/07/21 10:43:00 Интервал проверки: 5m0s
2025/07/21 10:43:00 ========================================
2025/07/21 10:43:00 Начало нового цикла проверки...
2025/07/21 10:43:01 Текущая скидка кошелька: 2%
2025/07/21 10:43:01 Товар 439740235 - Цена: 665.00, Скидка продавца: 0%, Скидка WB: 8%, Финальная цена: 598.00, Минимальная цена: 598.00
2025/07/21 10:43:01 Товар 420175308 - Цена: 1117.00, Скидка продавца: 0%, Скидка WB: 9%, Финальная цена: 995.00, Минимальная цена: 995.00
2025/07/21 10:43:01 Товар 447703683 - Цена: 2727.00, Скидка продавца: 0%, Скидка WB: 9%, Финальная цена: 2431.00, Минимальная цена: 2431.00
2025/07/21 10:43:01 Товар 465007169 - Цена: 612.00, Скидка продавца: 0%, Скидка WB: 11%, Финальная цена: 533.00, Минимальная цена: 533.00
2025/07/21 10:43:02 Товар 445719497 - Цена: 374.00, Скидка продавца: 0%, Скидка WB: 4%, Финальная цена: 351.00, Минимальная цена: 351.00
2025/07/21 10:43:02 Товар 444947468 - Цена: 731.00, Скидка продавца: 0%, Скидка WB: 11%, Финальная цена: 637.00, Минимальная цена: 637.00
2025/07/21 10:43:02 Товар 451852395 - Цена: 1298.00, Скидка продавца: 0%, Скидка WB: 9%, Финальная цена: 1157.00, Минимальная цена: 1157.00
2025/07/21 10:43:02 Товар 413320662 - Цена: 2187.00, Скидка продавца: 0%, Скидка WB: 9%, Финальная цена: 1950.00, Минимальная цена: 1950.00
2025/07/21 10:43:02 Товар 452613966 - Цена: 2187.00, Скидка продавца: 0%, Скидка WB: 9%, Финальная цена: 1950.00, Минимальная цена: 1950.00
2025/07/21 10:43:02 Товар 455874194 - Цена: 1051.00, Скидка продавца: 0%, Скидка WB: 9%, Финальная цена: 936.00, Минимальная цена: 936.00
2025/07/21 10:43:02 Товар 466364173 - Цена: 1808.00, Скидка продавца: 0%, Скидка WB: 9%, Финальная цена: 1612.00, Минимальная цена: 1612.00
2025/07/21 10:43:02 Товар 363561833 - Цена: 2727.00, Скидка продавца: 0%, Скидка WB: 9%, Финальная цена: 2431.00, Минимальная цена: 2431.00
2025/07/21 10:43:03 Товар 449727119 - Цена: 1234.00, Скидка продавца: 0%, Скидка WB: 8%, Финальная цена: 1112.00, Минимальная цена: 1112.00
2025/07/21 10:43:03 Товар 455308681 - Цена: 948.00, Скидка продавца: 0%, Скидка WB: 11%, Финальная цена: 826.00, Минимальная цена: 826.00
2025/07/21 10:43:03 Товар 472724832 - Цена: 1469.00, Скидка продавца: 0%, Скидка WB: 6%, Финальная цена: 1352.00, Минимальная цена: 1352.00
2025/07/21 10:43:03 Товар 355039724 - Цена: 3092.00, Скидка продавца: 0%, Скидка WB: 9%, Финальная цена: 2756.00, Минимальная цена: 2756.00
2025/07/21 10:43:03 Товар 450517748 - Цена: 1336.00, Скидка продавца: 0%, Скидка WB: 9%, Финальная цена: 1190.00, Минимальная цена: 1190.00
2025/07/21 10:43:03 Цикл завершен. Следующая проверка через 5m0s
2025/07/21 18:08:08 Запуск репрайсера Wildberries
2025/07/21 18:08:08 Отслеживается 17 товаров
2025/07/21 18:08:08 Интервал проверки: 5m0s
2025/07/21 18:08:08 ========================================
2025/07/21 18:08:08 Начало нового цикла проверки...
2025/07/21 18:08:08 Текущая скидка кошелька: 6%
2025/07/21 18:08:08 Товар 450517748 - Цена: 1392.00, Скидка продавца: 0%, Скидка WB: 9%, Финальная цена: 1190.00, Минимальная цена: 1190.00
2025/07/21 18:08:08 Товар 455308681 - Цена: 988.00, Скидка продавца: 0%, Скидка WB: 11%, Финальная цена: 826.00, Минимальная цена: 826.00
2025/07/21 18:08:09 Товар 455874194 - Цена: 1095.00, Скидка продавца: 0%, Скидка WB: 9%, Финальная цена: 936.00, Минимальная цена: 936.00
2025/07/21 18:08:09 Товар 472724832 - Цена: 1531.00, Скидка продавца: 0%, Скидка WB: 6%, Финальная цена: 1352.00, Минимальная цена: 1352.00
2025/07/21 18:08:09 Товар 363561833 - Цена: 2843.00, Скидка продавца: 0%, Скидка WB: 9%, Финальная цена: 2431.00, Минимальная цена: 2431.00
2025/07/21 18:08:09 Товар 445719497 - Цена: 390.00, Скидка продавца: 0%, Скидка WB: 4%, Финальная цена: 351.00, Минимальная цена: 351.00
2025/07/21 18:08:09 Товар 449727119 - Цена: 1286.00, Скидка продавца: 0%, Скидка WB: 8%, Финальная цена: 1112.00, Минимальная цена: 1112.00
2025/07/21 18:08:09 Товар 466364173 - Цена: 1885.00, Скидка продавца: 0%, Скидка WB: 9%, Финальная цена: 1612.00, Минимальная цена: 1612.00
2025/07/21 18:08:09 Товар 439740235 - Цена: 693.00, Скидка продавца: 0%, Скидка WB: 8%, Финальная цена: 598.00, Минимальная цена: 598.00
2025/07/21 18:08:09 Товар 444947468 - Цена: 762.00, Скидка продавца: 0%, Скидка WB: 11%, Финальная цена: 637.00, Минимальная цена: 637.00
2025/07/21 18:08:09 Товар 413320662 - Цена: 2281.00, Скидка продавца: 0%, Скидка WB: 9%, Финальная цена: 1950.00, Минимальная цена: 1950.00
2025/07/21 18:08:09 Товар 452613966 - Цена: 2281.00, Скидка продавца: 0%, Скидка WB: 9%, Финальная цена: 1950.00, Минимальная цена: 1950.00
2025/07/21 18:08:10 Товар 465007169 - Цена: 639.00, Скидка продавца: 0%, Скидка WB: 11%, Финальная цена: 533.00, Минимальная цена: 533.00
2025/07/21 18:08:10 Товар 355039724 - Цена: 3222.00, Скидка продавца: 0%, Скидка WB: 9%, Финальная цена: 2756.00, Минимальная цена: 2756.00
2025/07/21 18:08:10 Товар 420175308 - Цена: 1164.00, Скидка продавца: 0%, Скидка WB: 9%, Финальная цена: 995.00, Минимальная цена: 995.00
2025/07/21 18:08:10 Товар 451852395 - Цена: 1353.00, Скидка продавца: 0%, Скидка WB: 9%, Финальная цена: 1157.00, Минимальная цена: 1157.00
2025/07/21 18:08:10 Товар 447703683 - Цена: 2843.00, Скидка продавца: 0%, Скидка WB: 9%, Финальная цена: 2431.00, Минимальная цена: 2431.00
2025/07/21 18:08:10 Цикл завершен. Следующая проверка через 5m0s
